#
# A fatal error has been detected by the Java Runtime Environment:
#
#  SIGSEGV (0xb) at pc=0x00007f2faa17dce5, pid=14965, tid=139842747086592
#
# JRE version: Java(TM) SE Runtime Environment (8.0_77-b03) (build 1.8.0_77-b03)
# Java VM: Java HotSpot(TM) 64-Bit Server VM (25.77-b03 mixed mode linux-amd64 compressed oops)
# Problematic frame:
# C  [libswing-inspector-agent.so+0x31ce5]  cbClassFileLoadHook(_jvmtiEnv*, JNIEnv_*, _jclass*, _jobject*, char const*, _jobject*, int, unsigned char const*, int*, unsigned char**)+0x35
#
# Failed to write core dump. Core dumps have been disabled. To enable core dumping, try "ulimit -c unlimited" before starting Java again
#
# If you would like to submit a bug report, please visit:
#   http://bugreport.java.com/bugreport/crash.jsp
# The crash happened outside the Java Virtual Machine in native code.
# See problematic frame for where to report the bug.
#

---------------  T H R E A D  ---------------

Current thread (0x00007f2fa4012800):  JavaThread "main" [_thread_in_native, id=14966, stack(0x00007f2fad33b000,0x00007f2fad43c000)]

siginfo: si_signo: 11 (SIGSEGV), si_code: 1 (SEGV_MAPERR), si_addr: 0x0000000000000000

Registers:
RAX=0x00000000000002ab, RBX=0x00007f2fa40129f8, RCX=0x0000000000000013, RDX=0x0000000000000000
RSP=0x00007f2fad432ce0, RBP=0x00007f2fad432e30, RSI=0x0000000000000000, RDI=0x00007f2faa1c211e
R8 =0x0000000000000000, R9 =0x0000000000000000, R10=0x00007f2faa17dcb0, R11=0x00007f2fac9b68f0
R12=0x00007f2faa1c211e, R13=0x00007f2fa4009c00, R14=0x0000000000000000, R15=0x0000000000000000
RIP=0x00007f2faa17dce5, EFLAGS=0x0000000000010202, CSGSFS=0x0000000000000033, ERR=0x0000000000000004
  TRAPNO=0x000000000000000e

Top of Stack: (sp=0x00007f2fad432ce0)
0x00007f2fad432ce0:   00007f2f942c8540 00007f2fa41e0c20
0x00007f2fad432cf0:   0000000000000000 00007f2fad432e30
0x00007f2fad432d00:   00007f2fad432e40 00007f2fa4012800
0x00007f2fad432d10:   0000000000000000 00007f2fabffe645
0x00007f2fad432d20:   00007f2f000002ab 00007f2fa41f30d0
0x00007f2fad432d30:   00007f2fad432dfc 00007f2fad432df0
0x00007f2fad432d40:   00007f2fad432d90 00007f2fad432d80
0x00007f2fad432d50:   00007f2fa4012800 00007f2fa4009c00
0x00007f2fad432d60:   0000000000000000 0000000000000000
0x00007f2fad432d70:   0000000000000000 0001ffffffffffff
0x00007f2fad432d80:   000000000000000e 00007f2fa400fb20
0x00007f2fad432d90:   00007f2fa4012cf0 00007f2fa4012d20
0x00007f2fad432da0:   00007f2fa40130d8 00000000000003d8
0x00007f2fad432db0:   00007f2fa4012800 00007f2fa4012800
0x00007f2fad432dc0:   00007f2fa400fb60 00007f2fa4089b50
0x00007f2fad432dd0:   00007f2fa4089c00 00007f2fa4091b38
0x00007f2fad432de0:   00000000000080b0 00007f2fad433c50
0x00007f2fad432df0:   0000000000000000 00000000abb59523
0x00007f2fad432e00:   0000000000000000 00007f2fa4009c00
0x00007f2fad432e10:   00007f2fac80aa60 00007f2fac827170
0x00007f2fad432e20:   00007f2fad432e40 0000000000000001
0x00007f2fad432e30:   00007f2fad432ee0 00007f2fabff522c
0x00007f2fad432e40:   0000000000000000 0000000000000000
0x00007f2fad432e50:   0000000000000000 00007f2fad4331a0
0x00007f2fad432e60:   00007f2fad433198 00007f2fa4012800
0x00007f2fad432e70:   00007f2f000002ab 00007f2fa41f30d0
0x00007f2fad432e80:   0000000000000000 00007f2fad4331a8
0x00007f2fad432e90:   00007f2fa4195550 0000000000000000
0x00007f2fad432ea0:   00007f2f00000064 00007f2fac17b00f
0x00007f2fad432eb0:   00000000000058ed 00007f2fad433250
0x00007f2fad432ec0:   00007f2fad433250 00007f2fad4334b0
0x00007f2fad432ed0:   0000000000000000 00007f2fa400fb20 

Instructions: (pc=0x00007f2faa17dce5)
0x00007f2faa17dcc5:   e0 4c 89 6c 24 f0 48 89 f3 4c 89 74 24 f8 49 89
0x00007f2faa17dcd5:   fd 48 83 ec 38 b9 13 00 00 00 4c 89 c6 4c 89 e7
0x00007f2faa17dce5:   f3 a6 4c 89 c5 74 17 48 8d 3d 3e 44 04 00 b9 13
0x00007f2faa17dcf5:   00 00 00 4c 89 c6 f3 a6 0f 85 dc 00 00 00 48 8b 

Register to memory mapping:

RAX=0x00000000000002ab is an unknown value
RBX=0x00007f2fa40129f8 is an unknown value
RCX=0x0000000000000013 is an unknown value
RDX=0x0000000000000000 is an unknown value
RSP=0x00007f2fad432ce0 is pointing into the stack for thread: 0x00007f2fa4012800
RBP=0x00007f2fad432e30 is pointing into the stack for thread: 0x00007f2fa4012800
RSI=0x0000000000000000 is an unknown value
RDI=0x00007f2faa1c211e: <offset 0x7611e> in /home/lxw/Software/swingInspector/amd64/libswing-inspector-agent.so at 0x00007f2faa14c000
R8 =0x0000000000000000 is an unknown value
R9 =0x0000000000000000 is an unknown value
R10=0x00007f2faa17dcb0: _Z19cbClassFileLoadHookP9_jvmtiEnvP7JNIEnv_P7_jclassP8_jobjectPKcS6_iPKhPiPPh+0 in /home/lxw/Software/swingInspector/amd64/libswing-inspector-agent.so at 0x00007f2faa14c000
R11=0x00007f2fac9b68f0: <offset 0x1788f0> in /lib/x86_64-linux-gnu/libc.so.6 at 0x00007f2fac83e000
R12=0x00007f2faa1c211e: <offset 0x7611e> in /home/lxw/Software/swingInspector/amd64/libswing-inspector-agent.so at 0x00007f2faa14c000
R13=0x00007f2fa4009c00 is an unknown value
R14=0x0000000000000000 is an unknown value
R15=0x0000000000000000 is an unknown value


Stack: [0x00007f2fad33b000,0x00007f2fad43c000],  sp=0x00007f2fad432ce0,  free space=991k
Native frames: (J=compiled Java code, j=interpreted, Vv=VM code, C=native code)
C  [libswing-inspector-agent.so+0x31ce5]  cbClassFileLoadHook(_jvmtiEnv*, JNIEnv_*, _jclass*, _jobject*, char const*, _jobject*, int, unsigned char const*, int*, unsigned char**)+0x35
V  [libjvm.so+0x79722c]  JvmtiExport::post_class_file_load_hook(Symbol*, Handle, Handle, unsigned char**, unsigned char**, JvmtiCachedClassFileData**)+0x1fc
V  [libjvm.so+0x45df57]  ClassFileParser::parseClassFile(Symbol*, ClassLoaderData*, Handle, KlassHandle, GrowableArray<Handle>*, TempNewSymbol&, bool, Thread*)+0x2f7
V  [libjvm.so+0xa30026]  SystemDictionary::parse_stream(Symbol*, Handle, Handle, ClassFileStream*, KlassHandle, GrowableArray<Handle>*, Thread*)+0x216
V  [libjvm.so+0xa88f50]  Unsafe_DefineAnonymousClass+0x670
j  sun.misc.Unsafe.defineAnonymousClass(Ljava/lang/Class;[B[Ljava/lang/Object;)Ljava/lang/Class;+0
j  java.lang.invoke.InvokerBytecodeGenerator.loadAndInitializeInvokerClass([B[Ljava/lang/Object;)Ljava/lang/Class;+8
j  java.lang.invoke.InvokerBytecodeGenerator.loadMethod([B)Ljava/lang/invoke/MemberName;+6
j  java.lang.invoke.InvokerBytecodeGenerator.generateCustomizedCode(Ljava/lang/invoke/LambdaForm;Ljava/lang/invoke/MethodType;)Ljava/lang/invoke/MemberName;+17
j  java.lang.invoke.LambdaForm.compileToBytecode()Ljava/lang/invoke/MemberName;+65
j  java.lang.invoke.DirectMethodHandle.makePreparedLambdaForm(Ljava/lang/invoke/MethodType;I)Ljava/lang/invoke/LambdaForm;+638
j  java.lang.invoke.DirectMethodHandle.preparedLambdaForm(Ljava/lang/invoke/MethodType;I)Ljava/lang/invoke/LambdaForm;+17
j  java.lang.invoke.DirectMethodHandle.preparedLambdaForm(Ljava/lang/invoke/MemberName;)Ljava/lang/invoke/LambdaForm;+163
j  java.lang.invoke.DirectMethodHandle.make(BLjava/lang/Class;Ljava/lang/invoke/MemberName;)Ljava/lang/invoke/DirectMethodHandle;+94
j  java.lang.invoke.DirectMethodHandle.make(Ljava/lang/Class;Ljava/lang/invoke/MemberName;)Ljava/lang/invoke/DirectMethodHandle;+16
j  java.lang.invoke.DirectMethodHandle.make(Ljava/lang/invoke/MemberName;)Ljava/lang/invoke/DirectMethodHandle;+17
j  java.lang.invoke.LambdaForm$NamedFunction.resolve()V+5
j  java.lang.invoke.DirectMethodHandle$Lazy.<clinit>()V+377
v  ~StubRoutines::call_stub
V  [libjvm.so+0x68c616]  JavaCalls::call_helper(JavaValue*, methodHandle*, JavaCallArguments*, Thread*)+0x1056
V  [libjvm.so+0x63e967]  InstanceKlass::call_class_initializer_impl(instanceKlassHandle, Thread*)+0xd7
V  [libjvm.so+0x64122c]  InstanceKlass::initialize_impl(instanceKlassHandle, Thread*)+0x1ac
V  [libjvm.so+0x6415f1]  InstanceKlass::initialize(Thread*)+0x41
V  [libjvm.so+0x7ee2df]  LinkResolver::resolve_field(fieldDescriptor&, KlassHandle, Symbol*, Symbol*, KlassHandle, Bytecodes::Code, bool, bool, Thread*)+0x4df
V  [libjvm.so+0x7ee545]  LinkResolver::resolve_field_access(fieldDescriptor&, constantPoolHandle, int, Bytecodes::Code, Thread*)+0x245
V  [libjvm.so+0x683f55]  InterpreterRuntime::resolve_get_put(JavaThread*, Bytecodes::Code)+0x125
j  java.lang.invoke.DirectMethodHandle.makePreparedLambdaForm(Ljava/lang/invoke/MethodType;I)Ljava/lang/invoke/LambdaForm;+415
j  java.lang.invoke.DirectMethodHandle.preparedLambdaForm(Ljava/lang/invoke/MethodType;I)Ljava/lang/invoke/LambdaForm;+17
j  java.lang.invoke.DirectMethodHandle.preparedLambdaForm(Ljava/lang/invoke/MemberName;)Ljava/lang/invoke/LambdaForm;+163
j  java.lang.invoke.DirectMethodHandle.make(BLjava/lang/Class;Ljava/lang/invoke/MemberName;)Ljava/lang/invoke/DirectMethodHandle;+94
j  java.lang.invoke.MethodHandles$Lookup.getDirectMethodCommon(BLjava/lang/Class;Ljava/lang/invoke/MemberName;ZZLjava/lang/Class;)Ljava/lang/invoke/MethodHandle;+201
j  java.lang.invoke.MethodHandles$Lookup.getDirectMethod(BLjava/lang/Class;Ljava/lang/invoke/MemberName;Ljava/lang/Class;)Ljava/lang/invoke/MethodHandle;+8
j  java.lang.invoke.MethodHandles$Lookup.findStatic(Ljava/lang/Class;Ljava/lang/String;Ljava/lang/invoke/MethodType;)Ljava/lang/invoke/MethodHandle;+23
j  java.lang.invoke.BoundMethodHandle$Factory.makeCbmhCtor(Ljava/lang/Class;Ljava/lang/String;)Ljava/lang/invoke/MethodHandle;+15
j  java.lang.invoke.BoundMethodHandle$Factory.makeCtors(Ljava/lang/Class;Ljava/lang/String;[Ljava/lang/invoke/MethodHandle;)[Ljava/lang/invoke/MethodHandle;+24
j  java.lang.invoke.BoundMethodHandle$SpeciesData.initForBootstrap()V+41
j  java.lang.invoke.BoundMethodHandle$SpeciesData.<clinit>()V+222
v  ~StubRoutines::call_stub
V  [libjvm.so+0x68c616]  JavaCalls::call_helper(JavaValue*, methodHandle*, JavaCallArguments*, Thread*)+0x1056
V  [libjvm.so+0x63e967]  InstanceKlass::call_class_initializer_impl(instanceKlassHandle, Thread*)+0xd7
V  [libjvm.so+0x64122c]  InstanceKlass::initialize_impl(instanceKlassHandle, Thread*)+0x1ac
V  [libjvm.so+0x6415f1]  InstanceKlass::initialize(Thread*)+0x41
V  [libjvm.so+0x7ee2df]  LinkResolver::resolve_field(fieldDescriptor&, KlassHandle, Symbol*, Symbol*, KlassHandle, Bytecodes::Code, bool, bool, Thread*)+0x4df
V  [libjvm.so+0x7ee545]  LinkResolver::resolve_field_access(fieldDescriptor&, constantPoolHandle, int, Bytecodes::Code, Thread*)+0x245
V  [libjvm.so+0x683f55]  InterpreterRuntime::resolve_get_put(JavaThread*, Bytecodes::Code)+0x125
j  java.lang.invoke.BoundMethodHandle.<clinit>()V+22
v  ~StubRoutines::call_stub
V  [libjvm.so+0x68c616]  JavaCalls::call_helper(JavaValue*, methodHandle*, JavaCallArguments*, Thread*)+0x1056
V  [libjvm.so+0x63e967]  InstanceKlass::call_class_initializer_impl(instanceKlassHandle, Thread*)+0xd7
V  [libjvm.so+0x64122c]  InstanceKlass::initialize_impl(instanceKlassHandle, Thread*)+0x1ac
V  [libjvm.so+0x6415f1]  InstanceKlass::initialize(Thread*)+0x41
V  [libjvm.so+0x64146d]  InstanceKlass::initialize_impl(instanceKlassHandle, Thread*)+0x3ed
V  [libjvm.so+0x6415f1]  InstanceKlass::initialize(Thread*)+0x41
V  [libjvm.so+0x7f5d96]  LinkResolver::resolve_static_call(CallInfo&, KlassHandle&, Symbol*, Symbol*, KlassHandle, bool, bool, Thread*)+0x246
V  [libjvm.so+0x7f601f]  LinkResolver::resolve_invokestatic(CallInfo&, constantPoolHandle, int, Thread*)+0x23f
V  [libjvm.so+0x7f70d1]  LinkResolver::resolve_invoke(CallInfo&, Handle, constantPoolHandle, int, Bytecodes::Code, Thread*)+0x4f1
V  [libjvm.so+0x685562]  InterpreterRuntime::resolve_invoke(JavaThread*, Bytecodes::Code)+0x1b2
j  java.lang.invoke.LambdaForm.createIdentityForms()V+551
j  java.lang.invoke.LambdaForm.<clinit>()V+173
v  ~StubRoutines::call_stub
V  [libjvm.so+0x68c616]  JavaCalls::call_helper(JavaValue*, methodHandle*, JavaCallArguments*, Thread*)+0x1056
V  [libjvm.so+0x63e967]  InstanceKlass::call_class_initializer_impl(instanceKlassHandle, Thread*)+0xd7
V  [libjvm.so+0x64122c]  InstanceKlass::initialize_impl(instanceKlassHandle, Thread*)+0x1ac
V  [libjvm.so+0x6415f1]  InstanceKlass::initialize(Thread*)+0x41
V  [libjvm.so+0x7f5d96]  LinkResolver::resolve_static_call(CallInfo&, KlassHandle&, Symbol*, Symbol*, KlassHandle, bool, bool, Thread*)+0x246
V  [libjvm.so+0x7f601f]  LinkResolver::resolve_invokestatic(CallInfo&, constantPoolHandle, int, Thread*)+0x23f
V  [libjvm.so+0x7f70d1]  LinkResolver::resolve_invoke(CallInfo&, Handle, constantPoolHandle, int, Bytecodes::Code, Thread*)+0x4f1
V  [libjvm.so+0x685562]  InterpreterRuntime::resolve_invoke(JavaThread*, Bytecodes::Code)+0x1b2
j  java.lang.invoke.DirectMethodHandle.makePreparedLambdaForm(Ljava/lang/invoke/MethodType;I)Ljava/lang/invoke/LambdaForm;+288
j  java.lang.invoke.DirectMethodHandle.preparedLambdaForm(Ljava/lang/invoke/MethodType;I)Ljava/lang/invoke/LambdaForm;+17
j  java.lang.invoke.DirectMethodHandle.preparedLambdaForm(Ljava/lang/invoke/MemberName;)Ljava/lang/invoke/LambdaForm;+163
j  java.lang.invoke.DirectMethodHandle.make(BLjava/lang/Class;Ljava/lang/invoke/MemberName;)Ljava/lang/invoke/DirectMethodHandle;+94
j  java.lang.invoke.MethodHandles$Lookup.getDirectMethodCommon(BLjava/lang/Class;Ljava/lang/invoke/MemberName;ZZLjava/lang/Class;)Ljava/lang/invoke/MethodHandle;+201
j  java.lang.invoke.MethodHandles$Lookup.getDirectMethodNoSecurityManager(BLjava/lang/Class;Ljava/lang/invoke/MemberName;Ljava/lang/Class;)Ljava/lang/invoke/MethodHandle;+8
j  java.lang.invoke.MethodHandles$Lookup.getDirectMethodForConstant(BLjava/lang/Class;Ljava/lang/invoke/MemberName;)Ljava/lang/invoke/MethodHandle;+30
j  java.lang.invoke.MethodHandles$Lookup.linkMethodHandleConstant(BLjava/lang/Class;Ljava/lang/String;Ljava/lang/Object;)Ljava/lang/invoke/MethodHandle;+115
j  java.lang.invoke.MethodHandleNatives.linkMethodHandleConstant(Ljava/lang/Class;ILjava/lang/Class;Ljava/lang/String;Ljava/lang/Object;)Ljava/lang/invoke/MethodHandle;+38
v  ~StubRoutines::call_stub
V  [libjvm.so+0x68c616]  JavaCalls::call_helper(JavaValue*, methodHandle*, JavaCallArguments*, Thread*)+0x1056
V  [libjvm.so+0x68d2a1]  JavaCalls::call_static(JavaValue*, KlassHandle, Symbol*, Symbol*, JavaCallArguments*, Thread*)+0x2d1
V  [libjvm.so+0xa2da5a]  SystemDictionary::link_method_handle_constant(KlassHandle, int, KlassHandle, Symbol*, Symbol*, Thread*)+0x32a
V  [libjvm.so+0x4f5ba5]  ConstantPool::resolve_constant_at_impl(constantPoolHandle, int, int, Thread*)+0x375
V  [libjvm.so+0x4f5e62]  ConstantPool::resolve_bootstrap_specifier_at_impl(constantPoolHandle, int, Thread*)+0xb2
V  [libjvm.so+0x7f36e4]  LinkResolver::resolve_invokedynamic(CallInfo&, constantPoolHandle, int, Thread*)+0x804
V  [libjvm.so+0x7f71d1]  LinkResolver::resolve_invoke(CallInfo&, Handle, constantPoolHandle, int, Bytecodes::Code, Thread*)+0x5f1
V  [libjvm.so+0x684a56]  InterpreterRuntime::resolve_invokedynamic(JavaThread*)+0x166
j  java.awt.GraphicsEnvironment.getHeadlessProperty()Z+6
j  java.awt.GraphicsEnvironment.isHeadless()Z+0
v  ~StubRoutines::call_stub
V  [libjvm.so+0x68c616]  JavaCalls::call_helper(JavaValue*, methodHandle*, JavaCallArguments*, Thread*)+0x1056
V  [libjvm.so+0x6cdc32]  jni_invoke_static(JNIEnv_*, JavaValue*, _jobject*, JNICallType, _jmethodID*, JNI_ArgumentPusher*, Thread*)+0x362
V  [libjvm.so+0x6ce407]  jni_CallStaticBooleanMethod+0x187
C  [libawt.so+0x90b09]  AWTIsHeadless+0x99
C  [libawt.so+0x90cee]  AWT_OnLoad+0x1be
C  [libjava.so+0xed37]  Java_java_lang_ClassLoader_00024NativeLibrary_load+0xc7
j  java.lang.ClassLoader$NativeLibrary.load(Ljava/lang/String;Z)V+0
j  java.lang.ClassLoader.loadLibrary0(Ljava/lang/Class;Ljava/io/File;)Z+328
j  java.lang.ClassLoader.loadLibrary(Ljava/lang/Class;Ljava/lang/String;Z)V+217
j  java.lang.Runtime.loadLibrary0(Ljava/lang/Class;Ljava/lang/String;)V+54
j  java.lang.System.loadLibrary(Ljava/lang/String;)V+7
...<more frames>...

Java frames: (J=compiled Java code, j=interpreted, Vv=VM code)
j  sun.misc.Unsafe.defineAnonymousClass(Ljava/lang/Class;[B[Ljava/lang/Object;)Ljava/lang/Class;+0
j  java.lang.invoke.InvokerBytecodeGenerator.loadAndInitializeInvokerClass([B[Ljava/lang/Object;)Ljava/lang/Class;+8
j  java.lang.invoke.InvokerBytecodeGenerator.loadMethod([B)Ljava/lang/invoke/MemberName;+6
j  java.lang.invoke.InvokerBytecodeGenerator.generateCustomizedCode(Ljava/lang/invoke/LambdaForm;Ljava/lang/invoke/MethodType;)Ljava/lang/invoke/MemberName;+17
j  java.lang.invoke.LambdaForm.compileToBytecode()Ljava/lang/invoke/MemberName;+65
j  java.lang.invoke.DirectMethodHandle.makePreparedLambdaForm(Ljava/lang/invoke/MethodType;I)Ljava/lang/invoke/LambdaForm;+638
j  java.lang.invoke.DirectMethodHandle.preparedLambdaForm(Ljava/lang/invoke/MethodType;I)Ljava/lang/invoke/LambdaForm;+17
j  java.lang.invoke.DirectMethodHandle.preparedLambdaForm(Ljava/lang/invoke/MemberName;)Ljava/lang/invoke/LambdaForm;+163
j  java.lang.invoke.DirectMethodHandle.make(BLjava/lang/Class;Ljava/lang/invoke/MemberName;)Ljava/lang/invoke/DirectMethodHandle;+94
j  java.lang.invoke.DirectMethodHandle.make(Ljava/lang/Class;Ljava/lang/invoke/MemberName;)Ljava/lang/invoke/DirectMethodHandle;+16
j  java.lang.invoke.DirectMethodHandle.make(Ljava/lang/invoke/MemberName;)Ljava/lang/invoke/DirectMethodHandle;+17
j  java.lang.invoke.LambdaForm$NamedFunction.resolve()V+5
j  java.lang.invoke.DirectMethodHandle$Lazy.<clinit>()V+377
v  ~StubRoutines::call_stub
j  java.lang.invoke.DirectMethodHandle.makePreparedLambdaForm(Ljava/lang/invoke/MethodType;I)Ljava/lang/invoke/LambdaForm;+415
j  java.lang.invoke.DirectMethodHandle.preparedLambdaForm(Ljava/lang/invoke/MethodType;I)Ljava/lang/invoke/LambdaForm;+17
j  java.lang.invoke.DirectMethodHandle.preparedLambdaForm(Ljava/lang/invoke/MemberName;)Ljava/lang/invoke/LambdaForm;+163
j  java.lang.invoke.DirectMethodHandle.make(BLjava/lang/Class;Ljava/lang/invoke/MemberName;)Ljava/lang/invoke/DirectMethodHandle;+94
j  java.lang.invoke.MethodHandles$Lookup.getDirectMethodCommon(BLjava/lang/Class;Ljava/lang/invoke/MemberName;ZZLjava/lang/Class;)Ljava/lang/invoke/MethodHandle;+201
j  java.lang.invoke.MethodHandles$Lookup.getDirectMethod(BLjava/lang/Class;Ljava/lang/invoke/MemberName;Ljava/lang/Class;)Ljava/lang/invoke/MethodHandle;+8
j  java.lang.invoke.MethodHandles$Lookup.findStatic(Ljava/lang/Class;Ljava/lang/String;Ljava/lang/invoke/MethodType;)Ljava/lang/invoke/MethodHandle;+23
j  java.lang.invoke.BoundMethodHandle$Factory.makeCbmhCtor(Ljava/lang/Class;Ljava/lang/String;)Ljava/lang/invoke/MethodHandle;+15
j  java.lang.invoke.BoundMethodHandle$Factory.makeCtors(Ljava/lang/Class;Ljava/lang/String;[Ljava/lang/invoke/MethodHandle;)[Ljava/lang/invoke/MethodHandle;+24
j  java.lang.invoke.BoundMethodHandle$SpeciesData.initForBootstrap()V+41
j  java.lang.invoke.BoundMethodHandle$SpeciesData.<clinit>()V+222
v  ~StubRoutines::call_stub
j  java.lang.invoke.BoundMethodHandle.<clinit>()V+22
v  ~StubRoutines::call_stub
j  java.lang.invoke.LambdaForm.createIdentityForms()V+551
j  java.lang.invoke.LambdaForm.<clinit>()V+173
v  ~StubRoutines::call_stub
j  java.lang.invoke.DirectMethodHandle.makePreparedLambdaForm(Ljava/lang/invoke/MethodType;I)Ljava/lang/invoke/LambdaForm;+288
j  java.lang.invoke.DirectMethodHandle.preparedLambdaForm(Ljava/lang/invoke/MethodType;I)Ljava/lang/invoke/LambdaForm;+17
j  java.lang.invoke.DirectMethodHandle.preparedLambdaForm(Ljava/lang/invoke/MemberName;)Ljava/lang/invoke/LambdaForm;+163
j  java.lang.invoke.DirectMethodHandle.make(BLjava/lang/Class;Ljava/lang/invoke/MemberName;)Ljava/lang/invoke/DirectMethodHandle;+94
j  java.lang.invoke.MethodHandles$Lookup.getDirectMethodCommon(BLjava/lang/Class;Ljava/lang/invoke/MemberName;ZZLjava/lang/Class;)Ljava/lang/invoke/MethodHandle;+201
j  java.lang.invoke.MethodHandles$Lookup.getDirectMethodNoSecurityManager(BLjava/lang/Class;Ljava/lang/invoke/MemberName;Ljava/lang/Class;)Ljava/lang/invoke/MethodHandle;+8
j  java.lang.invoke.MethodHandles$Lookup.getDirectMethodForConstant(BLjava/lang/Class;Ljava/lang/invoke/MemberName;)Ljava/lang/invoke/MethodHandle;+30
j  java.lang.invoke.MethodHandles$Lookup.linkMethodHandleConstant(BLjava/lang/Class;Ljava/lang/String;Ljava/lang/Object;)Ljava/lang/invoke/MethodHandle;+115
j  java.lang.invoke.MethodHandleNatives.linkMethodHandleConstant(Ljava/lang/Class;ILjava/lang/Class;Ljava/lang/String;Ljava/lang/Object;)Ljava/lang/invoke/MethodHandle;+38
v  ~StubRoutines::call_stub
j  java.awt.GraphicsEnvironment.getHeadlessProperty()Z+6
j  java.awt.GraphicsEnvironment.isHeadless()Z+0
v  ~StubRoutines::call_stub
j  java.lang.ClassLoader$NativeLibrary.load(Ljava/lang/String;Z)V+0
j  java.lang.ClassLoader.loadLibrary0(Ljava/lang/Class;Ljava/io/File;)Z+328
j  java.lang.ClassLoader.loadLibrary(Ljava/lang/Class;Ljava/lang/String;Z)V+217
j  java.lang.Runtime.loadLibrary0(Ljava/lang/Class;Ljava/lang/String;)V+54
j  java.lang.System.loadLibrary(Ljava/lang/String;)V+7
j  java.awt.Toolkit$3.run()Ljava/lang/Void;+2
j  java.awt.Toolkit$3.run()Ljava/lang/Object;+1
v  ~StubRoutines::call_stub
j  java.security.AccessController.doPrivileged(Ljava/security/PrivilegedAction;)Ljava/lang/Object;+0
j  java.awt.Toolkit.loadLibraries()V+13
j  java.awt.Toolkit.<clinit>()V+41
v  ~StubRoutines::call_stub
j  java.awt.Color.<clinit>()V+296
v  ~StubRoutines::call_stub

---------------  P R O C E S S  ---------------

Java Threads: ( => current thread )
  0x00007f2f5c001000 JavaThread "JDWP Command Reader" daemon [_thread_in_native, id=14985, stack(0x00007f2f8e7e6000,0x00007f2f8e8e7000)]
  0x00007f2fa4197000 JavaThread "JDWP Event Helper Thread" daemon [_thread_blocked, id=14984, stack(0x00007f2f8e8e7000,0x00007f2f8e9e8000)]
  0x00007f2fa4193000 JavaThread "JDWP Transport Listener: dt_socket" daemon [_thread_blocked, id=14983, stack(0x00007f2f8e9e8000,0x00007f2f8eae9000)]
  0x00007f2fa4185800 JavaThread "Signal Dispatcher" daemon [_thread_blocked, id=14981, stack(0x00007f2f8eced000,0x00007f2f8edee000)]
  0x00007f2fa4153800 JavaThread "Finalizer" daemon [_thread_blocked, id=14978, stack(0x00007f2f8edee000,0x00007f2f8eeef000)]
  0x00007f2fa414f000 JavaThread "Reference Handler" daemon [_thread_blocked, id=14977, stack(0x00007f2f8eeef000,0x00007f2f8eff0000)]
=>0x00007f2fa4012800 JavaThread "main" [_thread_in_native, id=14966, stack(0x00007f2fad33b000,0x00007f2fad43c000)]

Other Threads:
  0x00007f2fa4147800 VMThread [stack: 0x00007f2f8eff0000,0x00007f2f8f0f1000] [id=14976]

VM state:not at safepoint (normal execution)

VM Mutex/Monitor currently owned by a thread: None

Heap:
 PSYoungGen      total 54784K, used 1884K [0x0000000782f80000, 0x0000000786c80000, 0x00000007c0000000)
  eden space 47104K, 4% used [0x0000000782f80000,0x00000007831570c8,0x0000000785d80000)
  from space 7680K, 0% used [0x0000000786500000,0x0000000786500000,0x0000000786c80000)
  to   space 7680K, 0% used [0x0000000785d80000,0x0000000785d80000,0x0000000786500000)
 ParOldGen       total 125952K, used 0K [0x0000000708e00000, 0x0000000710900000, 0x0000000782f80000)
  object space 125952K, 0% used [0x0000000708e00000,0x0000000708e00000,0x0000000710900000)
 Metaspace       used 3173K, capacity 4480K, committed 4480K, reserved 1056768K
  class space    used 336K, capacity 384K, committed 384K, reserved 1048576K

Card table byte_map: [0x00007f2fa8861000,0x00007f2fa8e1b000] byte_map_base: 0x00007f2fa501a000

Marking Bits: (ParMarkBitMap*) 0x00007f2fac813100
 Begin Bits: [0x00007f2f72470000, 0x00007f2f75238000)
 End Bits:   [0x00007f2f75238000, 0x00007f2f78000000)

Polling page: 0x00007f2fad45a000

CodeCache: size=245760Kb used=480Kb max_used=480Kb free=245279Kb
 bounds [0x00007f2f95000000, 0x00007f2f95270000, 0x00007f2fa4000000]
 total_blobs=195 nmethods=3 adapters=166
 compilation: enabled

Compilation events (0 events):
No events

GC Heap History (0 events):
No events

Deoptimization events (0 events):
No events

Internal exceptions (6 events):
Event: 0.024 Thread 0x00007f2fa4012800 Exception <a 'java/lang/NoSuchMethodError': Method sun.misc.Unsafe.defineClass(Ljava/lang/String;[BII)Ljava/lang/Class; name or signature does not match> (0x0000000782f87cc0) thrown at [/HUDSON/workspace/8-2-build-linux-amd64/jdk8u77/6540/hotspot/src/shar
Event: 0.024 Thread 0x00007f2fa4012800 Exception <a 'java/lang/NoSuchMethodError': Method sun.misc.Unsafe.prefetchRead(Ljava/lang/Object;J)V name or signature does not match> (0x0000000782f87fa8) thrown at [/HUDSON/workspace/8-2-build-linux-amd64/jdk8u77/6540/hotspot/src/share/vm/prims/jni.cpp
Event: 0.257 Thread 0x00007f2fa4012800 Exception <a 'java/security/PrivilegedActionException'> (0x00000007830140d8) thrown at [/HUDSON/workspace/8-2-build-linux-amd64/jdk8u77/6540/hotspot/src/share/vm/prims/jvm.cpp, line 1386]
Event: 0.257 Thread 0x00007f2fa4012800 Exception <a 'java/security/PrivilegedActionException'> (0x00000007830142e8) thrown at [/HUDSON/workspace/8-2-build-linux-amd64/jdk8u77/6540/hotspot/src/share/vm/prims/jvm.cpp, line 1386]
Event: 0.257 Thread 0x00007f2fa4012800 Exception <a 'java/security/PrivilegedActionException'> (0x00000007830168b8) thrown at [/HUDSON/workspace/8-2-build-linux-amd64/jdk8u77/6540/hotspot/src/share/vm/prims/jvm.cpp, line 1386]
Event: 0.258 Thread 0x00007f2fa4012800 Exception <a 'java/security/PrivilegedActionException'> (0x0000000783016ac8) thrown at [/HUDSON/workspace/8-2-build-linux-amd64/jdk8u77/6540/hotspot/src/share/vm/prims/jvm.cpp, line 1386]

Events (10 events):
Event: 0.278 loading class jdk/internal/org/objectweb/asm/AnnotationVisitor done
Event: 0.278 loading class jdk/internal/org/objectweb/asm/AnnotationWriter done
Event: 0.278 loading class java/lang/invoke/MethodHandleImpl$Intrinsic
Event: 0.278 loading class java/lang/invoke/MethodHandleImpl$Intrinsic done
Event: 0.278 loading class java/lang/invoke/InvokerBytecodeGenerator$2
Event: 0.278 loading class java/lang/invoke/InvokerBytecodeGenerator$2 done
Event: 0.278 loading class sun/invoke/util/VerifyType
Event: 0.279 loading class sun/invoke/util/VerifyType done
Event: 0.279 loading class sun/invoke/empty/Empty
Event: 0.279 loading class sun/invoke/empty/Empty done


Dynamic libraries:
00400000-00401000 r-xp 00000000 08:04 11274592                           /home/lxw/Software/jdk1.8.0_77/bin/java
00600000-00601000 rw-p 00000000 08:04 11274592                           /home/lxw/Software/jdk1.8.0_77/bin/java
01d64000-01d85000 rw-p 00000000 00:00 0                                  [heap]
708e00000-710900000 rw-p 00000000 00:00 0 
710900000-782f80000 ---p 00000000 00:00 0 
782f80000-786c80000 rw-p 00000000 00:00 0 
786c80000-7c0000000 ---p 00000000 00:00 0 
7c0000000-7c0060000 rw-p 00000000 00:00 0 
7c0060000-800000000 ---p 00000000 00:00 0 
7f2f54000000-7f2f54021000 rw-p 00000000 00:00 0 
7f2f54021000-7f2f58000000 ---p 00000000 00:00 0 
7f2f5c000000-7f2f5c021000 rw-p 00000000 00:00 0 
7f2f5c021000-7f2f60000000 ---p 00000000 00:00 0 
7f2f60000000-7f2f60021000 rw-p 00000000 00:00 0 
7f2f60021000-7f2f64000000 ---p 00000000 00:00 0 
7f2f64000000-7f2f64021000 rw-p 00000000 00:00 0 
7f2f64021000-7f2f68000000 ---p 00000000 00:00 0 
7f2f68000000-7f2f68021000 rw-p 00000000 00:00 0 
7f2f68021000-7f2f6c000000 ---p 00000000 00:00 0 
7f2f6c000000-7f2f6c021000 rw-p 00000000 00:00 0 
7f2f6c021000-7f2f70000000 ---p 00000000 00:00 0 
7f2f72470000-7f2f78000000 rw-p 00000000 00:00 0 
7f2f78000000-7f2f78021000 rw-p 00000000 00:00 0 
7f2f78021000-7f2f7c000000 ---p 00000000 00:00 0 
7f2f7c000000-7f2f7c021000 rw-p 00000000 00:00 0 
7f2f7c021000-7f2f80000000 ---p 00000000 00:00 0 
7f2f80000000-7f2f80021000 rw-p 00000000 00:00 0 
7f2f80021000-7f2f84000000 ---p 00000000 00:00 0 
7f2f88000000-7f2f88021000 rw-p 00000000 00:00 0 
7f2f88021000-7f2f8c000000 ---p 00000000 00:00 0 
7f2f8e28f000-7f2f8e514000 rw-p 00000000 00:00 0 
7f2f8e514000-7f2f8e5b6000 r-xp 00000000 08:04 11276337                   /home/lxw/Software/jdk1.8.0_77/jre/lib/amd64/libawt.so
7f2f8e5b6000-7f2f8e7b6000 ---p 000a2000 08:04 11276337                   /home/lxw/Software/jdk1.8.0_77/jre/lib/amd64/libawt.so
7f2f8e7b6000-7f2f8e7c2000 rw-p 000a2000 08:04 11276337                   /home/lxw/Software/jdk1.8.0_77/jre/lib/amd64/libawt.so
7f2f8e7c2000-7f2f8e7e6000 rw-p 00000000 00:00 0 
7f2f8e7e6000-7f2f8e7e9000 ---p 00000000 00:00 0 
7f2f8e7e9000-7f2f8e8e7000 rw-p 00000000 00:00 0                          [stack:14985]
7f2f8e8e7000-7f2f8e8ea000 ---p 00000000 00:00 0 
7f2f8e8ea000-7f2f8e9e8000 rw-p 00000000 00:00 0                          [stack:14984]
7f2f8e9e8000-7f2f8e9eb000 ---p 00000000 00:00 0 
7f2f8e9eb000-7f2f8eae9000 rw-p 00000000 00:00 0                          [stack:14983]
7f2f8eae9000-7f2f8eaed000 r-xp 00000000 08:04 11276310                   /home/lxw/Software/jdk1.8.0_77/jre/lib/amd64/libdt_socket.so
7f2f8eaed000-7f2f8ecec000 ---p 00004000 08:04 11276310                   /home/lxw/Software/jdk1.8.0_77/jre/lib/amd64/libdt_socket.so
7f2f8ecec000-7f2f8eced000 rw-p 00003000 08:04 11276310                   /home/lxw/Software/jdk1.8.0_77/jre/lib/amd64/libdt_socket.so
7f2f8eced000-7f2f8ecf0000 ---p 00000000 00:00 0 
7f2f8ecf0000-7f2f8edee000 rw-p 00000000 00:00 0                          [stack:14981]
7f2f8edee000-7f2f8edf1000 ---p 00000000 00:00 0 
7f2f8edf1000-7f2f8eeef000 rw-p 00000000 00:00 0                          [stack:14978]
7f2f8eeef000-7f2f8eef2000 ---p 00000000 00:00 0 
7f2f8eef2000-7f2f8eff0000 rw-p 00000000 00:00 0                          [stack:14977]
7f2f8eff0000-7f2f8eff1000 ---p 00000000 00:00 0 
7f2f8eff1000-7f2f90000000 rw-p 00000000 00:00 0                          [stack:14976]
7f2f90000000-7f2f90021000 rw-p 00000000 00:00 0 
7f2f90021000-7f2f94000000 ---p 00000000 00:00 0 
7f2f94020000-7f2f9406f000 rw-p 00000000 00:00 0 
7f2f9406f000-7f2f94247000 r--s 03d1e000 08:04 11276138                   /home/lxw/Software/jdk1.8.0_77/jre/lib/rt.jar
7f2f94247000-7f2f94647000 rw-p 00000000 00:00 0 
7f2f94647000-7f2f94a47000 ---p 00000000 00:00 0 
7f2f94a47000-7f2f95000000 rw-p 00000000 00:00 0 
7f2f95000000-7f2f95270000 rwxp 00000000 00:00 0 
7f2f95270000-7f2fa4000000 ---p 00000000 00:00 0 
7f2fa4000000-7f2fa41fb000 rw-p 00000000 00:00 0 
7f2fa41fb000-7f2fa8000000 ---p 00000000 00:00 0 
7f2fa8016000-7f2fa808c000 rw-p 00000000 00:00 0 
7f2fa808c000-7f2fa808d000 ---p 00000000 00:00 0 
7f2fa808d000-7f2fa818d000 rw-p 00000000 00:00 0                          [stack:14971]
7f2fa818d000-7f2fa818e000 ---p 00000000 00:00 0 
7f2fa818e000-7f2fa828e000 rw-p 00000000 00:00 0                          [stack:14970]
7f2fa828e000-7f2fa828f000 ---p 00000000 00:00 0 
7f2fa828f000-7f2fa838f000 rw-p 00000000 00:00 0                          [stack:14969]
7f2fa838f000-7f2fa8390000 ---p 00000000 00:00 0 
7f2fa8390000-7f2fa84ce000 rw-p 00000000 00:00 0                          [stack:14968]
7f2fa84ce000-7f2fa8861000 ---p 00000000 00:00 0 
7f2fa8861000-7f2fa889f000 rw-p 00000000 00:00 0 
7f2fa889f000-7f2fa8c31000 ---p 00000000 00:00 0 
7f2fa8c31000-7f2fa8c51000 rw-p 00000000 00:00 0 
7f2fa8c51000-7f2fa8e1a000 ---p 00000000 00:00 0 
7f2fa8e1a000-7f2fa8e25000 rw-p 00000000 00:00 0 
7f2fa8e25000-7f2fa91db000 ---p 00000000 00:00 0 
7f2fa91db000-7f2fa91f5000 r-xp 00000000 08:04 11276340                   /home/lxw/Software/jdk1.8.0_77/jre/lib/amd64/libzip.so
7f2fa91f5000-7f2fa93f5000 ---p 0001a000 08:04 11276340                   /home/lxw/Software/jdk1.8.0_77/jre/lib/amd64/libzip.so
7f2fa93f5000-7f2fa93f6000 rw-p 0001a000 08:04 11276340                   /home/lxw/Software/jdk1.8.0_77/jre/lib/amd64/libzip.so
7f2fa93f6000-7f2fa9401000 r-xp 00000000 08:04 2232615                    /lib/x86_64-linux-gnu/libnss_files-2.19.so
7f2fa9401000-7f2fa9600000 ---p 0000b000 08:04 2232615                    /lib/x86_64-linux-gnu/libnss_files-2.19.so
7f2fa9600000-7f2fa9601000 r--p 0000a000 08:04 2232615                    /lib/x86_64-linux-gnu/libnss_files-2.19.so
7f2fa9601000-7f2fa9602000 rw-p 0000b000 08:04 2232615                    /lib/x86_64-linux-gnu/libnss_files-2.19.so
7f2fa9602000-7f2fa960d000 r-xp 00000000 08:04 2232625                    /lib/x86_64-linux-gnu/libnss_nis-2.19.so
7f2fa960d000-7f2fa980c000 ---p 0000b000 08:04 2232625                    /lib/x86_64-linux-gnu/libnss_nis-2.19.so
7f2fa980c000-7f2fa980d000 r--p 0000a000 08:04 2232625                    /lib/x86_64-linux-gnu/libnss_nis-2.19.so
7f2fa980d000-7f2fa980e000 rw-p 0000b000 08:04 2232625                    /lib/x86_64-linux-gnu/libnss_nis-2.19.so
7f2fa980e000-7f2fa9825000 r-xp 00000000 08:04 2232609                    /lib/x86_64-linux-gnu/libnsl-2.19.so
7f2fa9825000-7f2fa9a24000 ---p 00017000 08:04 2232609                    /lib/x86_64-linux-gnu/libnsl-2.19.so
7f2fa9a24000-7f2fa9a25000 r--p 00016000 08:04 2232609                    /lib/x86_64-linux-gnu/libnsl-2.19.so
7f2fa9a25000-7f2fa9a26000 rw-p 00017000 08:04 2232609                    /lib/x86_64-linux-gnu/libnsl-2.19.so
7f2fa9a26000-7f2fa9a28000 rw-p 00000000 00:00 0 
7f2fa9a28000-7f2fa9a31000 r-xp 00000000 08:04 2232611                    /lib/x86_64-linux-gnu/libnss_compat-2.19.so
7f2fa9a31000-7f2fa9c30000 ---p 00009000 08:04 2232611                    /lib/x86_64-linux-gnu/libnss_compat-2.19.so
7f2fa9c30000-7f2fa9c31000 r--p 00008000 08:04 2232611                    /lib/x86_64-linux-gnu/libnss_compat-2.19.so
7f2fa9c31000-7f2fa9c32000 rw-p 00009000 08:04 2232611                    /lib/x86_64-linux-gnu/libnss_compat-2.19.so
7f2fa9c32000-7f2fa9c48000 r-xp 00000000 08:04 2232567                    /lib/x86_64-linux-gnu/libgcc_s.so.1
7f2fa9c48000-7f2fa9e47000 ---p 00016000 08:04 2232567                    /lib/x86_64-linux-gnu/libgcc_s.so.1
7f2fa9e47000-7f2fa9e48000 rw-p 00015000 08:04 2232567                    /lib/x86_64-linux-gnu/libgcc_s.so.1
7f2fa9e48000-7f2fa9f2e000 r-xp 00000000 08:04 1974985                    /usr/lib/x86_64-linux-gnu/libstdc++.so.6.0.19
7f2fa9f2e000-7f2faa12d000 ---p 000e6000 08:04 1974985                    /usr/lib/x86_64-linux-gnu/libstdc++.so.6.0.19
7f2faa12d000-7f2faa135000 r--p 000e5000 08:04 1974985                    /usr/lib/x86_64-linux-gnu/libstdc++.so.6.0.19
7f2faa135000-7f2faa137000 rw-p 000ed000 08:04 1974985                    /usr/lib/x86_64-linux-gnu/libstdc++.so.6.0.19
7f2faa137000-7f2faa14c000 rw-p 00000000 00:00 0 
7f2faa14c000-7f2faa1f1000 r-xp 00000000 08:04 11666995                   /home/lxw/Software/swingInspector/amd64/libswing-inspector-agent.so.1.2.2
7f2faa1f1000-7f2faa3f0000 ---p 000a5000 08:04 11666995                   /home/lxw/Software/swingInspector/amd64/libswing-inspector-agent.so.1.2.2
7f2faa3f0000-7f2faa3f3000 r--p 000a4000 08:04 11666995                   /home/lxw/Software/swingInspector/amd64/libswing-inspector-agent.so.1.2.2
7f2faa3f3000-7f2faa3f4000 rw-p 000a7000 08:04 11666995                   /home/lxw/Software/swingInspector/amd64/libswing-inspector-agent.so.1.2.2
7f2faa3f4000-7f2faa3f6000 rw-p 00000000 00:00 0 
7f2faa3f6000-7f2faaad8000 r--p 00000000 08:04 1973078                    /usr/lib/locale/locale-archive
7f2faaad8000-7f2faaada000 r-xp 00000000 08:04 11276311                   /home/lxw/Software/jdk1.8.0_77/jre/lib/amd64/libnpt.so
7f2faaada000-7f2faacda000 ---p 00002000 08:04 11276311                   /home/lxw/Software/jdk1.8.0_77/jre/lib/amd64/libnpt.so
7f2faacda000-7f2faacdb000 rw-p 00002000 08:04 11276311                   /home/lxw/Software/jdk1.8.0_77/jre/lib/amd64/libnpt.so
7f2faacdb000-7f2faad14000 r-xp 00000000 08:04 11276329                   /home/lxw/Software/jdk1.8.0_77/jre/lib/amd64/libjdwp.so
7f2faad14000-7f2faaf13000 ---p 00039000 08:04 11276329                   /home/lxw/Software/jdk1.8.0_77/jre/lib/amd64/libjdwp.so
7f2faaf13000-7f2faaf15000 rw-p 00038000 08:04 11276329                   /home/lxw/Software/jdk1.8.0_77/jre/lib/amd64/libjdwp.so
7f2faaf15000-7f2faaf3f000 r-xp 00000000 08:04 11276335                   /home/lxw/Software/jdk1.8.0_77/jre/lib/amd64/libjava.so
7f2faaf3f000-7f2fab13f000 ---p 0002a000 08:04 11276335                   /home/lxw/Software/jdk1.8.0_77/jre/lib/amd64/libjava.so
7f2fab13f000-7f2fab141000 rw-p 0002a000 08:04 11276335                   /home/lxw/Software/jdk1.8.0_77/jre/lib/amd64/libjava.so
7f2fab141000-7f2fab14e000 r-xp 00000000 08:04 11276339                   /home/lxw/Software/jdk1.8.0_77/jre/lib/amd64/libverify.so
7f2fab14e000-7f2fab34e000 ---p 0000d000 08:04 11276339                   /home/lxw/Software/jdk1.8.0_77/jre/lib/amd64/libverify.so
7f2fab34e000-7f2fab350000 rw-p 0000d000 08:04 11276339                   /home/lxw/Software/jdk1.8.0_77/jre/lib/amd64/libverify.so
7f2fab350000-7f2fab357000 r-xp 00000000 08:04 2232668                    /lib/x86_64-linux-gnu/librt-2.19.so
7f2fab357000-7f2fab556000 ---p 00007000 08:04 2232668                    /lib/x86_64-linux-gnu/librt-2.19.so
7f2fab556000-7f2fab557000 r--p 00006000 08:04 2232668                    /lib/x86_64-linux-gnu/librt-2.19.so
7f2fab557000-7f2fab558000 rw-p 00007000 08:04 2232668                    /lib/x86_64-linux-gnu/librt-2.19.so
7f2fab558000-7f2fab65d000 r-xp 00000000 08:04 2232590                    /lib/x86_64-linux-gnu/libm-2.19.so
7f2fab65d000-7f2fab85c000 ---p 00105000 08:04 2232590                    /lib/x86_64-linux-gnu/libm-2.19.so
7f2fab85c000-7f2fab85d000 r--p 00104000 08:04 2232590                    /lib/x86_64-linux-gnu/libm-2.19.so
7f2fab85d000-7f2fab85e000 rw-p 00105000 08:04 2232590                    /lib/x86_64-linux-gnu/libm-2.19.so
7f2fab85e000-7f2fac51d000 r-xp 00000000 08:04 11276318                   /home/lxw/Software/jdk1.8.0_77/jre/lib/amd64/server/libjvm.so
7f2fac51d000-7f2fac71c000 ---p 00cbf000 08:04 11276318                   /home/lxw/Software/jdk1.8.0_77/jre/lib/amd64/server/libjvm.so
7f2fac71c000-7f2fac7f5000 rw-p 00cbe000 08:04 11276318                   /home/lxw/Software/jdk1.8.0_77/jre/lib/amd64/server/libjvm.so
7f2fac7f5000-7f2fac83e000 rw-p 00000000 00:00 0 
7f2fac83e000-7f2fac9f9000 r-xp 00000000 08:04 2232540                    /lib/x86_64-linux-gnu/libc-2.19.so
7f2fac9f9000-7f2facbf8000 ---p 001bb000 08:04 2232540                    /lib/x86_64-linux-gnu/libc-2.19.so
7f2facbf8000-7f2facbfc000 r--p 001ba000 08:04 2232540                    /lib/x86_64-linux-gnu/libc-2.19.so
7f2facbfc000-7f2facbfe000 rw-p 001be000 08:04 2232540                    /lib/x86_64-linux-gnu/libc-2.19.so
7f2facbfe000-7f2facc03000 rw-p 00000000 00:00 0 
7f2facc03000-7f2facc06000 r-xp 00000000 08:04 2232557                    /lib/x86_64-linux-gnu/libdl-2.19.so
7f2facc06000-7f2face05000 ---p 00003000 08:04 2232557                    /lib/x86_64-linux-gnu/libdl-2.19.so
7f2face05000-7f2face06000 r--p 00002000 08:04 2232557                    /lib/x86_64-linux-gnu/libdl-2.19.so
7f2face06000-7f2face07000 rw-p 00003000 08:04 2232557                    /lib/x86_64-linux-gnu/libdl-2.19.so
7f2face07000-7f2face1c000 r-xp 00000000 08:04 11275953                   /home/lxw/Software/jdk1.8.0_77/lib/amd64/jli/libjli.so
7f2face1c000-7f2fad01c000 ---p 00015000 08:04 11275953                   /home/lxw/Software/jdk1.8.0_77/lib/amd64/jli/libjli.so
7f2fad01c000-7f2fad01d000 rw-p 00015000 08:04 11275953                   /home/lxw/Software/jdk1.8.0_77/lib/amd64/jli/libjli.so
7f2fad01d000-7f2fad036000 r-xp 00000000 08:04 2232660                    /lib/x86_64-linux-gnu/libpthread-2.19.so
7f2fad036000-7f2fad235000 ---p 00019000 08:04 2232660                    /lib/x86_64-linux-gnu/libpthread-2.19.so
7f2fad235000-7f2fad236000 r--p 00018000 08:04 2232660                    /lib/x86_64-linux-gnu/libpthread-2.19.so
7f2fad236000-7f2fad237000 rw-p 00019000 08:04 2232660                    /lib/x86_64-linux-gnu/libpthread-2.19.so
7f2fad237000-7f2fad23b000 rw-p 00000000 00:00 0 
7f2fad23b000-7f2fad25e000 r-xp 00000000 08:04 2232516                    /lib/x86_64-linux-gnu/ld-2.19.so
7f2fad279000-7f2fad2a6000 r--s 00202000 08:04 11666996                   /home/lxw/Software/swingInspector/amd64/swing-inspector-1.2.2.jar
7f2fad2a6000-7f2fad33b000 rw-p 00000000 00:00 0 
7f2fad33b000-7f2fad33e000 ---p 00000000 00:00 0 
7f2fad33e000-7f2fad440000 rw-p 00000000 00:00 0                          [stack:14966]
7f2fad448000-7f2fad44a000 rw-p 00000000 00:00 0 
7f2fad44a000-7f2fad452000 rw-s 00000000 08:04 14025037                   /tmp/hsperfdata_lxw/14965
7f2fad452000-7f2fad459000 r--s 00000000 08:04 2622743                    /usr/lib/x86_64-linux-gnu/gconv/gconv-modules.cache
7f2fad459000-7f2fad45a000 rw-p 00000000 00:00 0 
7f2fad45a000-7f2fad45b000 r--p 00000000 00:00 0 
7f2fad45b000-7f2fad45d000 rw-p 00000000 00:00 0 
7f2fad45d000-7f2fad45e000 r--p 00022000 08:04 2232516                    /lib/x86_64-linux-gnu/ld-2.19.so
7f2fad45e000-7f2fad45f000 rw-p 00023000 08:04 2232516                    /lib/x86_64-linux-gnu/ld-2.19.so
7f2fad45f000-7f2fad460000 rw-p 00000000 00:00 0 
7ffe2d8ba000-7ffe2d8dd000 rw-p 00000000 00:00 0                          [stack]
7ffe2d979000-7ffe2d97b000 r--p 00000000 00:00 0                          [vvar]
7ffe2d97b000-7ffe2d97d000 r-xp 00000000 00:00 0                          [vdso]
ffffffffff600000-ffffffffff601000 r-xp 00000000 00:00 0                  [vsyscall]

VM Arguments:
jvm_args: -agentlib:jdwp=transport=dt_socket,suspend=y,address=localhost:39506 -agentpath:/home/lxw/Software/swingInspector/amd64/libswing-inspector-agent.so -Dfile.encoding=UTF-8 
java_command: org.apache.jmeter.NewDriver
java_class_path (initial): /home/lxw/IT/program/eclipseJava/Jmeter2.13/build/components:/home/lxw/IT/program/eclipseJava/Jmeter2.13/build/core:/home/lxw/IT/program/eclipseJava/Jmeter2.13/build/examples:/home/lxw/IT/program/eclipseJava/Jmeter2.13/build/functions:/home/lxw/IT/program/eclipseJava/Jmeter2.13/build/jorphan:/home/lxw/IT/program/eclipseJava/Jmeter2.13/build/junit:/home/lxw/IT/program/eclipseJava/Jmeter2.13/build/monitor/components:/home/lxw/IT/program/eclipseJava/Jmeter2.13/build/monitor/model:/home/lxw/IT/program/eclipseJava/Jmeter2.13/build/protocol/ftp:/home/lxw/IT/program/eclipseJava/Jmeter2.13/build/protocol/http:/home/lxw/IT/program/eclipseJava/Jmeter2.13/build/protocol/java:/home/lxw/IT/program/eclipseJava/Jmeter2.13/build/protocol/jdbc:/home/lxw/IT/program/eclipseJava/Jmeter2.13/build/protocol/jms:/home/lxw/IT/program/eclipseJava/Jmeter2.13/build/protocol/ldap:/home/lxw/IT/program/eclipseJava/Jmeter2.13/build/protocol/mail:/home/lxw/IT/program/eclipseJava/Jmeter2.13/build/protocol/mongodb:/home/lxw/IT/program/eclipseJava/Jmeter2.13/build/protocol/native:/home/lxw/IT/program/eclipseJava/Jmeter2.13/build/protocol/tcp:/home/lxw/IT/program/eclipseJava/Jmeter2.13/build/test:/home/lxw/IT/program/eclipseJava/Jmeter2.13/build:/home/lxw/IT/program/eclipseJava/Jmeter2.13/lib/avalon-framework-4.1.4.jar:/home/lxw/IT/program/eclipseJava/Jmeter2.13/lib/bsf-2.4.0.jar:/home/lxw/IT/program/eclipseJava/Jmeter2.13/lib/bsh-2.0b5.jar:/home/lxw/IT/program/eclipseJava/Jmeter2.13/lib/commons-codec-1.10.jar:/home/lxw/IT/program/eclipseJava/Jmeter2.13/lib/commons-collections-3.2.1.jar:/home/lxw/IT/program/eclipseJava/Jmeter2.13/lib/commons-httpclient-3.1.jar:/home/lxw/IT/program/eclipseJava/Jmeter2.13/lib/commons-io-2.4.jar:/home/lxw/IT/program/eclipseJava/Jmeter2.13/lib/commons-jexl-1.1.jar:/home/lxw/IT/program/eclipseJava/Jmeter2.13/lib/commons-jexl-2.1.1.jar:/home/lxw/IT/program/eclipseJava/Jmeter2.13/lib/commons-lang3-3.3.2.jar:/home/lxw/IT/program/eclipseJava/Jmeter2
Launcher Type: SUN_STANDARD

Environment Variables:
JAVA_HOME=/home/lxw/Software/jdk1.8.0_77
PATH=/home/lxw/Software/jdk1.8.0_77/bin:/home/lxw/Software/apache-ant-1.9.7/bin:/home/lxw/Software/adt-bundle-linux-x86_64-20140702/eclipse:/home/lxw/Software/eclipseJava:/home/lxw/Software/apache-jmeter-2.13/bin:/usr/local/sbin:/usr/local/bin:/usr/sbin:/usr/bin:/sbin:/bin:/usr/games:/usr/local/games
SHELL=/bin/bash
DISPLAY=:0

Signal Handlers:
SIGSEGV: [libjvm.so+0xabb070], sa_mask[0]=11111111011111111101111111111110, sa_flags=SA_RESTART|SA_SIGINFO
SIGBUS: [libjvm.so+0xabb070], sa_mask[0]=11111111011111111101111111111110, sa_flags=SA_RESTART|SA_SIGINFO
SIGFPE: [libjvm.so+0x918480], sa_mask[0]=11111111011111111101111111111110, sa_flags=SA_RESTART|SA_SIGINFO
SIGPIPE: [libjvm.so+0x918480], sa_mask[0]=11111111011111111101111111111110, sa_flags=SA_RESTART|SA_SIGINFO
SIGXFSZ: [libjvm.so+0x918480], sa_mask[0]=11111111011111111101111111111110, sa_flags=SA_RESTART|SA_SIGINFO
SIGILL: [libjvm.so+0x918480], sa_mask[0]=11111111011111111101111111111110, sa_flags=SA_RESTART|SA_SIGINFO
SIGUSR1: SIG_DFL, sa_mask[0]=00000000000000000000000000000000, sa_flags=none
SIGUSR2: [libjvm.so+0x919ab0], sa_mask[0]=00100000000000000000000000000000, sa_flags=SA_RESTART|SA_SIGINFO
SIGHUP: [libjvm.so+0x91aeb0], sa_mask[0]=11111111011111111101111111111110, sa_flags=SA_RESTART|SA_SIGINFO
SIGINT: [libjvm.so+0x91aeb0], sa_mask[0]=11111111011111111101111111111110, sa_flags=SA_RESTART|SA_SIGINFO
SIGTERM: [libjvm.so+0x91aeb0], sa_mask[0]=11111111011111111101111111111110, sa_flags=SA_RESTART|SA_SIGINFO
SIGQUIT: [libjvm.so+0x91aeb0], sa_mask[0]=11111111011111111101111111111110, sa_flags=SA_RESTART|SA_SIGINFO


---------------  S Y S T E M  ---------------

OS:DISTRIB_ID=Ubuntu
DISTRIB_RELEASE=14.04
DISTRIB_CODENAME=trusty
DISTRIB_DESCRIPTION="Ubuntu 14.04.4 LTS"

uname:Linux 4.2.0-35-generic #40~14.04.1-Ubuntu SMP Fri Mar 18 16:37:35 UTC 2016 x86_64
libc:glibc 2.19 NPTL 2.19 
rlimit: STACK 8192k, CORE 0k, NPROC 46782, NOFILE 4096, AS infinity
load average:1.34 1.02 0.65

/proc/meminfo:
MemTotal:       11997632 kB
MemFree:         6041972 kB
MemAvailable:    8245796 kB
Buffers:          203500 kB
Cached:          2657624 kB
SwapCached:            0 kB
Active:          3977836 kB
Inactive:        1603608 kB
Active(anon):    2726284 kB
Inactive(anon):   785876 kB
Active(file):    1251552 kB
Inactive(file):   817732 kB
Unevictable:         120 kB
Mlocked:             120 kB
SwapTotal:             0 kB
SwapFree:              0 kB
Dirty:               112 kB
Writeback:             0 kB
AnonPages:       2720460 kB
Mapped:           764192 kB
Shmem:            791840 kB
Slab:             230556 kB
SReclaimable:     186224 kB
SUnreclaim:        44332 kB
KernelStack:       11824 kB
PageTables:        61240 kB
NFS_Unstable:          0 kB
Bounce:                0 kB
WritebackTmp:          0 kB
CommitLimit:     5998816 kB
Committed_AS:    8571524 kB
VmallocTotal:   34359738367 kB
VmallocUsed:      381548 kB
VmallocChunk:   34358947836 kB
HardwareCorrupted:     0 kB
AnonHugePages:    985088 kB
CmaTotal:              0 kB
CmaFree:               0 kB
HugePages_Total:       0
HugePages_Free:        0
HugePages_Rsvd:        0
HugePages_Surp:        0
Hugepagesize:       2048 kB
DirectMap4k:      199428 kB
DirectMap2M:     5781504 kB
DirectMap1G:     7340032 kB


CPU:total 4 (2 cores per cpu, 2 threads per core) family 6 model 61 stepping 4, cmov, cx8, fxsr, mmx, sse, sse2, sse3, ssse3, sse4.1, sse4.2, popcnt, avx, avx2, aes, clmul, erms, 3dnowpref, lzcnt, ht, tsc, tscinvbit, bmi1, bmi2, adx

/proc/cpuinfo:
processor	: 0
vendor_id	: GenuineIntel
cpu family	: 6
model		: 61
model name	: Intel(R) Core(TM) i5-5200U CPU @ 2.20GHz
stepping	: 4
microcode	: 0x21
cpu MHz		: 2517.625
cache size	: 3072 KB
physical id	: 0
siblings	: 4
core id		: 0
cpu cores	: 2
apicid		: 0
initial apicid	: 0
fpu		: yes
fpu_exception	: yes
cpuid level	: 20
wp		: yes
flags		: fpu vme de pse tsc msr pae mce cx8 apic sep mtrr pge mca cmov pat pse36 clflush dts acpi mmx fxsr sse sse2 ss ht tm pbe syscall nx pdpe1gb rdtscp lm constant_tsc arch_perfmon pebs bts rep_good nopl xtopology nonstop_tsc aperfmperf eagerfpu pni pclmulqdq dtes64 monitor ds_cpl vmx est tm2 ssse3 fma cx16 xtpr pdcm pcid sse4_1 sse4_2 x2apic movbe popcnt tsc_deadline_timer aes xsave avx f16c rdrand lahf_lm abm 3dnowprefetch ida arat epb pln pts dtherm intel_pt tpr_shadow vnmi flexpriority ept vpid fsgsbase tsc_adjust bmi1 avx2 smep bmi2 erms invpcid rdseed adx smap xsaveopt
bugs		:
bogomips	: 4389.80
clflush size	: 64
cache_alignment	: 64
address sizes	: 39 bits physical, 48 bits virtual
power management:

processor	: 1
vendor_id	: GenuineIntel
cpu family	: 6
model		: 61
model name	: Intel(R) Core(TM) i5-5200U CPU @ 2.20GHz
stepping	: 4
microcode	: 0x21
cpu MHz		: 2540.914
cache size	: 3072 KB
physical id	: 0
siblings	: 4
core id		: 0
cpu cores	: 2
apicid		: 1
initial apicid	: 1
fpu		: yes
fpu_exception	: yes
cpuid level	: 20
wp		: yes
flags		: fpu vme de pse tsc msr pae mce cx8 apic sep mtrr pge mca cmov pat pse36 clflush dts acpi mmx fxsr sse sse2 ss ht tm pbe syscall nx pdpe1gb rdtscp lm constant_tsc arch_perfmon pebs bts rep_good nopl xtopology nonstop_tsc aperfmperf eagerfpu pni pclmulqdq dtes64 monitor ds_cpl vmx est tm2 ssse3 fma cx16 xtpr pdcm pcid sse4_1 sse4_2 x2apic movbe popcnt tsc_deadline_timer aes xsave avx f16c rdrand lahf_lm abm 3dnowprefetch ida arat epb pln pts dtherm intel_pt tpr_shadow vnmi flexpriority ept vpid fsgsbase tsc_adjust bmi1 avx2 smep bmi2 erms invpcid rdseed adx smap xsaveopt
bugs		:
bogomips	: 4389.80
clflush size	: 64
cache_alignment	: 64
address sizes	: 39 bits physical, 48 bits virtual
power management:

processor	: 2
vendor_id	: GenuineIntel
cpu family	: 6
model		: 61
model name	: Intel(R) Core(TM) i5-5200U CPU @ 2.20GHz
stepping	: 4
microcode	: 0x21
cpu MHz		: 2499.921
cache size	: 3072 KB
physical id	: 0
siblings	: 4
core id		: 1
cpu cores	: 2
apicid		: 2
initial apicid	: 2
fpu		: yes
fpu_exception	: yes
cpuid level	: 20
wp		: yes
flags		: fpu vme de pse tsc msr pae mce cx8 apic sep mtrr pge mca cmov pat pse36 clflush dts acpi mmx fxsr sse sse2 ss ht tm pbe syscall nx pdpe1gb rdtscp lm constant_tsc arch_perfmon pebs bts rep_good nopl xtopology nonstop_tsc aperfmperf eagerfpu pni pclmulqdq dtes64 monitor ds_cpl vmx est tm2 ssse3 fma cx16 xtpr pdcm pcid sse4_1 sse4_2 x2apic movbe popcnt tsc_deadline_timer aes xsave avx f16c rdrand lahf_lm abm 3dnowprefetch ida arat epb pln pts dtherm intel_pt tpr_shadow vnmi flexpriority ept vpid fsgsbase tsc_adjust bmi1 avx2 smep bmi2 erms invpcid rdseed adx smap xsaveopt
bugs		:
bogomips	: 4389.80
clflush size	: 64
cache_alignment	: 64
address sizes	: 39 bits physical, 48 bits virtual
power management:

processor	: 3
vendor_id	: GenuineIntel
cpu family	: 6
model		: 61
model name	: Intel(R) Core(TM) i5-5200U CPU @ 2.20GHz
stepping	: 4
microcode	: 0x21
cpu MHz		: 2500.007
cache size	: 3072 KB
physical id	: 0
siblings	: 4
core id		: 1
cpu cores	: 2
apicid		: 3
initial apicid	: 3
fpu		: yes
fpu_exception	: yes
cpuid level	: 20
wp		: yes
flags		: fpu vme de pse tsc msr pae mce cx8 apic sep mtrr pge mca cmov pat pse36 clflush dts acpi mmx fxsr sse sse2 ss ht tm pbe syscall nx pdpe1gb rdtscp lm constant_tsc arch_perfmon pebs bts rep_good nopl xtopology nonstop_tsc aperfmperf eagerfpu pni pclmulqdq dtes64 monitor ds_cpl vmx est tm2 ssse3 fma cx16 xtpr pdcm pcid sse4_1 sse4_2 x2apic movbe popcnt tsc_deadline_timer aes xsave avx f16c rdrand lahf_lm abm 3dnowprefetch ida arat epb pln pts dtherm intel_pt tpr_shadow vnmi flexpriority ept vpid fsgsbase tsc_adjust bmi1 avx2 smep bmi2 erms invpcid rdseed adx smap xsaveopt
bugs		:
bogomips	: 4389.80
clflush size	: 64
cache_alignment	: 64
address sizes	: 39 bits physical, 48 bits virtual
power management:



Memory: 4k page, physical 11997632k(6041972k free), swap 0k(0k free)

vm_info: Java HotSpot(TM) 64-Bit Server VM (25.77-b03) for linux-amd64 JRE (1.8.0_77-b03), built on Mar 20 2016 22:00:46 by "java_re" with gcc 4.3.0 20080428 (Red Hat 4.3.0-8)

time: Wed Apr 27 15:05:44 2016
elapsed time: 0 seconds (0d 0h 0m 0s)

