2016/05/25 15:42:29 INFO  - jmeter.util.JMeterUtils: Setting Locale to en_US 
2016/05/25 15:42:29 INFO  - jmeter.JMeter: Loading user properties from: /home/lxw/IT/program/eclipseJava/Jmeter2.13/bin/user.properties 
2016/05/25 15:42:29 INFO  - jmeter.JMeter: Loading system properties from: /home/lxw/IT/program/eclipseJava/Jmeter2.13/bin/system.properties 
2016/05/25 15:42:29 INFO  - jmeter.JMeter: Copyright (c) 1998-2015 The Apache Software Foundation 
2016/05/25 15:42:29 INFO  - jmeter.JMeter: Version 2.13 
2016/05/25 15:42:29 INFO  - jmeter.JMeter: java.version=1.8.0_77 
2016/05/25 15:42:29 INFO  - jmeter.JMeter: java.vm.name=Java HotSpot(TM) 64-Bit Server VM 
2016/05/25 15:42:29 INFO  - jmeter.JMeter: os.name=Linux 
2016/05/25 15:42:29 INFO  - jmeter.JMeter: os.arch=amd64 
2016/05/25 15:42:29 INFO  - jmeter.JMeter: os.version=4.2.0-36-generic 
2016/05/25 15:42:29 INFO  - jmeter.JMeter: file.encoding=UTF-8 
2016/05/25 15:42:29 INFO  - jmeter.JMeter: Default Locale=English (United States) 
2016/05/25 15:42:29 INFO  - jmeter.JMeter: JMeter  Locale=English (United States) 
2016/05/25 15:42:29 INFO  - jmeter.JMeter: JMeterHome=/home/lxw/IT/program/eclipseJava/Jmeter2.13 
2016/05/25 15:42:29 INFO  - jmeter.JMeter: user.dir  =/home/lxw/IT/program/eclipseJava/Jmeter2.13/bin 
2016/05/25 15:42:29 INFO  - jmeter.JMeter: PWD       =/home/lxw/IT/program/eclipseJava/Jmeter2.13/bin 
2016/05/25 15:42:29 INFO  - jmeter.JMeter: IP: 127.0.1.1 Name: lxw FullName: lxw 
2016/05/25 15:42:30 INFO  - jmeter.gui.action.LookAndFeelCommand: Using look and feel: javax.swing.plaf.metal.MetalLookAndFeel [Metal, CrossPlatform] 
2016/05/25 15:42:30 INFO  - jmeter.JMeter: Loaded icon properties from org/apache/jmeter/images/icon.properties 
2016/05/25 15:42:30 INFO  - jmeter.engine.util.CompoundVariable: Note: Function class names must contain the string: '.functions.' 
2016/05/25 15:42:30 INFO  - jmeter.engine.util.CompoundVariable: Note: Function class names must not contain the string: '.gui.' 
2016/05/25 15:42:31 INFO  - jmeter.util.BSFTestElement: Registering JMeter version of JavaScript engine as work-round for BSF-22 
2016/05/25 15:42:31 INFO  - jmeter.protocol.http.sampler.HTTPSamplerBase: Cannot find .className property for htmlParser, using default 
2016/05/25 15:42:31 INFO  - jmeter.protocol.http.sampler.HTTPSamplerBase: Parser for text/html is  
2016/05/25 15:42:31 INFO  - jmeter.protocol.http.sampler.HTTPSamplerBase: Parser for application/xhtml+xml is  
2016/05/25 15:42:31 INFO  - jmeter.protocol.http.sampler.HTTPSamplerBase: Parser for application/xml is  
2016/05/25 15:42:31 INFO  - jmeter.protocol.http.sampler.HTTPSamplerBase: Parser for text/xml is  
2016/05/25 15:42:31 INFO  - jmeter.protocol.http.sampler.HTTPSamplerBase: Parser for text/vnd.wap.wml is org.apache.jmeter.protocol.http.parser.RegexpHTMLParser 
2016/05/25 15:42:31 INFO  - jmeter.gui.util.MenuFactory: Skipping org.apache.jmeter.protocol.http.control.gui.WebServiceSamplerGui 
2016/05/25 15:42:31 INFO  - jmeter.gui.util.MenuFactory: Skipping org.apache.jmeter.protocol.http.modifier.gui.ParamModifierGui 
2016/05/25 15:42:31 INFO  - jorphan.exec.KeyToolUtils: keytool found at 'keytool' 
2016/05/25 15:42:31 INFO  - jmeter.protocol.http.proxy.ProxyControl: HTTP(S) Test Script Recorder SSL Proxy will use keys that support embedded 3rd party resources in file /home/lxw/IT/program/eclipseJava/Jmeter2.13/bin/proxyserver.jks 
2016/05/25 15:42:32 INFO  - jmeter.samplers.SampleResult: Note: Sample TimeStamps are START times 
2016/05/25 15:42:32 INFO  - jmeter.samplers.SampleResult: sampleresult.default.encoding is set to ISO-8859-1 
2016/05/25 15:42:32 INFO  - jmeter.samplers.SampleResult: sampleresult.useNanoTime=true 
2016/05/25 15:42:32 INFO  - jmeter.samplers.SampleResult: sampleresult.nanoThreadSleep=5000 
2016/05/25 15:50:11 INFO  - jmeter.services.FileServer: Default base='/home/lxw/IT/program/eclipseJava/Jmeter2.13/bin' 
2016/05/25 15:50:42 INFO  - jmeter.services.FileServer: Set new base='/home/lxw/IT/program/eclipseJava/Jmeter2.13/bin' 
2016/05/25 16:25:01 INFO  - jmeter.save.SaveService: Testplan (JMX) version: 2.2. Testlog (JTL) version: 2.2 
2016/05/25 16:25:01 INFO  - jmeter.save.SaveService: Using SaveService properties file encoding UTF-8 
2016/05/25 16:25:01 INFO  - jmeter.save.SaveService: Using SaveService properties file version 1656252 
2016/05/25 16:25:01 INFO  - jmeter.save.SaveService: Using SaveService properties version 2.8 
2016/05/25 16:25:01 INFO  - jmeter.save.SaveService: All converter versions present and correct 
2016/05/25 18:15:37 INFO  - jmeter.engine.StandardJMeterEngine: Listeners will be started after enabling running version 
2016/05/25 18:15:37 INFO  - jmeter.engine.StandardJMeterEngine: To revert to the earlier behaviour, define jmeterengine.startlistenerslater=false 
2016/05/25 18:15:37 INFO  - jmeter.engine.StandardJMeterEngine: Running the test! 
2016/05/25 18:15:37 INFO  - jmeter.samplers.SampleEvent: List of sample_variables: [] 
2016/05/25 18:15:37 INFO  - jmeter.samplers.SampleEvent: List of sample_variables: [] 
2016/05/25 18:15:37 INFO  - jmeter.gui.util.JMeterMenuBar: setRunning(true,*local*) 
2016/05/25 18:15:38 INFO  - jmeter.engine.StandardJMeterEngine: Starting ThreadGroup: 1 : Thread Group 
2016/05/25 18:15:38 INFO  - jmeter.engine.StandardJMeterEngine: Starting 1 threads for group Thread Group. 
2016/05/25 18:15:38 INFO  - jmeter.engine.StandardJMeterEngine: Thread will continue on error 
2016/05/25 18:15:38 INFO  - jmeter.threads.ThreadGroup: Starting thread group number 1 threads 1 ramp-up 1 perThread 1000.0 delayedStart=false 
2016/05/25 18:15:38 INFO  - jmeter.threads.JMeterThread: jmeterthread.startearlier=true (see jmeter.properties) 
2016/05/25 18:15:38 INFO  - jmeter.threads.JMeterThread: Running PostProcessors in forward order 
2016/05/25 18:15:38 INFO  - jmeter.threads.ThreadGroup: Started thread group number 1 
2016/05/25 18:15:38 INFO  - jmeter.engine.StandardJMeterEngine: All thread groups have been started 
2016/05/25 18:15:38 INFO  - jmeter.threads.JMeterThread: Thread started: Thread Group 1-1 
2016/05/25 18:15:38 INFO  - jmeter.threads.JMeterThread: Thread is done: Thread Group 1-1 
2016/05/25 18:15:38 INFO  - jmeter.threads.JMeterThread: Thread finished: Thread Group 1-1 
2016/05/25 18:15:38 INFO  - jmeter.engine.StandardJMeterEngine: Notifying test listeners of end of test 
2016/05/25 18:15:38 INFO  - jmeter.gui.util.JMeterMenuBar: setRunning(false,*local*) 
2016/05/25 18:16:04 INFO  - jmeter.gui.action.Load: Loading file: /home/lxw/IT/program/eclipseJava/Jmeter2.13/bin/Visit baidu.com.jmx 
2016/05/25 18:16:04 INFO  - jmeter.services.FileServer: Set new base='/home/lxw/IT/program/eclipseJava/Jmeter2.13/bin' 
2016/05/25 18:16:04 INFO  - jmeter.save.SaveService: Loading file: /home/lxw/IT/program/eclipseJava/Jmeter2.13/bin/Visit baidu.com.jmx 
2016/05/25 18:16:05 INFO  - jmeter.services.FileServer: Set new base='/home/lxw/IT/program/eclipseJava/Jmeter2.13/bin' 
2016/05/25 18:16:31 INFO  - jmeter.gui.action.Load: Loading file: /home/lxw/IT/program/eclipseJava/Jmeter2.13/bin/Thread Group.jmx 
2016/05/25 18:16:49 INFO  - jmeter.services.FileServer: Set new base='/home/lxw/IT/program/eclipseJava/Jmeter2.13/bin' 
2016/05/25 18:16:49 INFO  - jmeter.save.SaveService: Loading file: /home/lxw/IT/program/eclipseJava/Jmeter2.13/bin/Thread Group.jmx 
2016/05/25 18:17:07 INFO  - jmeter.services.FileServer: Set new base='/home/lxw/IT/program/eclipseJava/Jmeter2.13/bin' 
