2016/04/27 20:08:52 INFO  - jmeter.util.JMeterUtils: Setting Locale to en_US 
2016/04/27 20:08:54 INFO  - jmeter.JMeter: Copyright (c) 1998-2015 The Apache Software Foundation 
2016/04/27 20:08:54 INFO  - jmeter.JMeter: Version 2.13 
2016/04/27 20:08:54 INFO  - jmeter.JMeter: java.version=1.8.0_77 
2016/04/27 20:08:54 INFO  - jmeter.JMeter: java.vm.name=Java HotSpot(TM) 64-Bit Server VM 
2016/04/27 20:08:54 INFO  - jmeter.JMeter: os.name=Linux 
2016/04/27 20:08:54 INFO  - jmeter.JMeter: os.arch=amd64 
2016/04/27 20:08:54 INFO  - jmeter.JMeter: os.version=4.2.0-35-generic 
2016/04/27 20:08:54 INFO  - jmeter.JMeter: file.encoding=UTF-8 
2016/04/27 20:08:54 INFO  - jmeter.JMeter: Default Locale=English (United States) 
2016/04/27 20:08:54 INFO  - jmeter.JMeter: JMeter  Locale=English (United States) 
2016/04/27 20:08:54 INFO  - jmeter.JMeter: JMeterHome=/home/lxw/IT/program/eclipseJava 
2016/04/27 20:08:54 INFO  - jmeter.JMeter: user.dir  =/home/lxw/IT/program/eclipseJava/Jmeter2.13 
2016/04/27 20:08:54 INFO  - jmeter.JMeter: PWD       =/home/lxw/IT/program/eclipseJava/Jmeter2.13 
2016/04/27 20:08:54 INFO  - jmeter.JMeter: IP: 127.0.1.1 Name: lxw FullName: lxw 
2016/04/27 20:08:54 INFO  - jmeter.gui.action.LookAndFeelCommand: Using look and feel: javax.swing.plaf.metal.MetalLookAndFeel [Metal, CrossPlatform] 
2016/04/27 20:08:54 INFO  - jmeter.JMeter: Loaded icon properties from org/apache/jmeter/images/icon.properties 
2016/04/27 20:08:54 FATAL - jmeter.gui.action.ActionRouter: !!!!!Uh-oh, didn't find any action handlers!!!!! 
2016/04/27 20:08:54 FATAL - jmeter.JMeter: An error occurred:  org.apache.jorphan.util.JMeterError: No action handlers found - check JMeterHome and libraries
	at org.apache.jmeter.gui.action.ActionRouter.populateCommandMap(ActionRouter.java:301)
	at org.apache.jmeter.gui.action.ActionRouter.getInstance(ActionRouter.java:332)
	at org.apache.jmeter.JMeter.startGui(JMeter.java:239)
	at org.apache.jmeter.JMeter.start(Unknown Source)
	at sun.reflect.NativeMethodAccessorImpl.invoke0(Native Method)
	at sun.reflect.NativeMethodAccessorImpl.invoke(NativeMethodAccessorImpl.java:62)
	at sun.reflect.DelegatingMethodAccessorImpl.invoke(DelegatingMethodAccessorImpl.java:43)
	at java.lang.reflect.Method.invoke(Method.java:498)
	at org.apache.jmeter.NewDriver.main(NewDriver.java:264)

